<?xml version="1.0" encoding="UTF-8"?>
<!-- Generated by org.testng.reporters.JUnitReportReporter -->
<testsuite hostname="MurliKrishna-PC" name="testSuite.Login" tests="1" failures="0" timestamp="21 Nov 2015 12:36:42 GMT" time="2.010" errors="0">
  <testcase name="login" time="2.010" classname="testSuite.Login"/>
</testsuite> <!-- testSuite.Login -->
