<?xml version="1.0" encoding="UTF-8"?>
<!-- Generated by org.testng.reporters.JUnitReportReporter -->
<testsuite hostname="MurliKrishna-PC" name="Login.Login" tests="1" failures="0" timestamp="17 Nov 2015 13:12:29 GMT" time="3.481" errors="0">
  <testcase name="login" time="3.481" classname="Login.Login"/>
</testsuite> <!-- Login.Login -->
